Using pre-set license
Built from '2022.3/staging' branch; Version is '2022.3.7f1 (b16b3b16c7a0) revision 11627323'; Using compiler version '192829333'; Build Type 'Release'
OS: 'Windows 10  (10.0.19045) 64bit Core' Language: 'en' Physical Memory: 16334 MB
BatchMode: 1, IsHumanControllingUs: 0, StartBugReporterOnCrash: 0, Is64bit: 1, IsPro: 1

COMMAND LINE ARGUMENTS:
C:\Program Files\Unity\Hub\Editor\2022.3.7f1\Editor\Unity.exe
-adb2
-batchMode
-noUpm
-name
AssetImportWorker0
-projectPath
C:/Users/anfal/OneDrive/Documents/GitHub/FinalsTerms4/FinalUnity
-logFile
Logs/AssetImportWorker0.log
-srvPort
64040
Successfully changed project path to: C:/Users/anfal/OneDrive/Documents/GitHub/FinalsTerms4/FinalUnity
C:/Users/anfal/OneDrive/Documents/GitHub/FinalsTerms4/FinalUnity
[UnityMemory] Configuration Parameters - Can be set up in boot.config
    "memorysetup-bucket-allocator-granularity=16"
    "memorysetup-bucket-allocator-bucket-count=8"
    "memorysetup-bucket-allocator-block-size=33554432"
    "memorysetup-bucket-allocator-block-count=8"
    "memorysetup-main-allocator-block-size=16777216"
    "memorysetup-thread-allocator-block-size=16777216"
    "memorysetup-gfx-main-allocator-block-size=16777216"
    "memorysetup-gfx-thread-allocator-block-size=16777216"
    "memorysetup-cache-allocator-block-size=4194304"
    "memorysetup-typetree-allocator-block-size=2097152"
    "memorysetup-profiler-bucket-allocator-granularity=16"
    "memorysetup-profiler-bucket-allocator-bucket-count=8"
    "memorysetup-profiler-bucket-allocator-block-size=33554432"
    "memorysetup-profiler-bucket-allocator-block-count=8"
    "memorysetup-profiler-allocator-block-size=16777216"
    "memorysetup-profiler-editor-allocator-block-size=1048576"
    "memorysetup-temp-allocator-size-main=16777216"
    "memorysetup-job-temp-allocator-block-size=2097152"
    "memorysetup-job-temp-allocator-block-size-background=1048576"
    "memorysetup-job-temp-allocator-reduction-small-platforms=262144"
    "memorysetup-allocator-temp-initial-block-size-main=262144"
    "memorysetup-allocator-temp-initial-block-size-worker=262144"
    "memorysetup-temp-allocator-size-background-worker=32768"
    "memorysetup-temp-allocator-size-job-worker=262144"
    "memorysetup-temp-allocator-size-preload-manager=33554432"
    "memorysetup-temp-allocator-size-nav-mesh-worker=65536"
    "memorysetup-temp-allocator-size-audio-worker=65536"
    "memorysetup-temp-allocator-size-cloud-worker=32768"
    "memorysetup-temp-allocator-size-gi-baking-worker=262144"
    "memorysetup-temp-allocator-size-gfx=262144"
Player connection [28716] Host "[IP] 10.0.0.86 [Port] 0 [Flags] 2 [Guid] 2846058734 [EditorId] 2846058734 [Version] 1048832 [Id] WindowsEditor(7,DESKTOP-4VPKU9I) [Debug] 1 [PackageName] WindowsEditor [ProjectName] Editor" joined multi-casting on [225.0.0.222:54997]...

Player connection [28716] Host "[IP] 10.0.0.86 [Port] 0 [Flags] 2 [Guid] 2846058734 [EditorId] 2846058734 [Version] 1048832 [Id] WindowsEditor(7,DESKTOP-4VPKU9I) [Debug] 1 [PackageName] WindowsEditor [ProjectName] Editor" joined alternative multi-casting on [225.0.0.222:34997]...

Refreshing native plugins compatible for Editor in 47.02 ms, found 3 plugins.
Preloading 0 native plugins for Editor in 0.00 ms.
Initialize engine version: 2022.3.7f1 (b16b3b16c7a0)
[Subsystems] Discovering subsystems at path C:/Program Files/Unity/Hub/Editor/2022.3.7f1/Editor/Data/Resources/UnitySubsystems
[Subsystems] Discovering subsystems at path C:/Users/anfal/OneDrive/Documents/GitHub/FinalsTerms4/FinalUnity/Assets
GfxDevice: creating device client; threaded=0; jobified=0
Direct3D:
    Version:  Direct3D 11.0 [level 11.1]
    Renderer: NVIDIA GeForce RTX 3050 (ID=0x2507)
    Vendor:   NVIDIA
    VRAM:     8056 MB
    Driver:   31.0.15.3623
Initialize mono
Mono path[0] = 'C:/Program Files/Unity/Hub/Editor/2022.3.7f1/Editor/Data/Managed'
Mono path[1] = 'C:/Program Files/Unity/Hub/Editor/2022.3.7f1/Editor/Data/MonoBleedingEdge/lib/mono/unityjit-win32'
Mono config path = 'C:/Program Files/Unity/Hub/Editor/2022.3.7f1/Editor/Data/MonoBleedingEdge/etc'
Using monoOptions --debugger-agent=transport=dt_socket,embedding=1,server=y,suspend=n,address=127.0.0.1:56996
Begin MonoManager ReloadAssembly
Registering precompiled unity dll's ...
Register platform support module: C:/Program Files/Unity/Hub/Editor/2022.3.7f1/Editor/Data/PlaybackEngines/WindowsStandaloneSupport/UnityEditor.WindowsStandalone.Extensions.dll
Registered in 0.039977 seconds.
- Loaded All Assemblies, in  0.619 seconds
Native extension for WindowsStandalone target not found
Mono: successfully reloaded assembly
- Finished resetting the current domain, in  0.326 seconds
Domain Reload Profiling: 937ms
	BeginReloadAssembly (252ms)
		ExecutionOrderSort (0ms)
		DisableScriptedObjects (0ms)
		BackupInstance (0ms)
		ReleaseScriptingObjects (0ms)
		CreateAndSetChildDomain (1ms)
	RebuildCommonClasses (50ms)
	RebuildNativeTypeToScriptingClass (15ms)
	initialDomainReloadingComplete (121ms)
	LoadAllAssembliesAndSetupDomain (173ms)
		LoadAssemblies (242ms)
		RebuildTransferFunctionScriptingTraits (0ms)
		AnalyzeDomain (170ms)
			TypeCache.Refresh (168ms)
				TypeCache.ScanAssembly (152ms)
			ScanForSourceGeneratedMonoScriptInfo (1ms)
			ResolveRequiredComponents (0ms)
	FinalizeReload (326ms)
		ReleaseScriptCaches (0ms)
		RebuildScriptCaches (0ms)
		SetupLoadedEditorAssemblies (254ms)
			LogAssemblyErrors (0ms)
			InitializePlatformSupportModulesInManaged (20ms)
			SetLoadedEditorAssemblies (8ms)
			RefreshPlugins (0ms)
			BeforeProcessingInitializeOnLoad (2ms)
			ProcessInitializeOnLoadAttributes (161ms)
			ProcessInitializeOnLoadMethodAttributes (63ms)
			AfterProcessingInitializeOnLoad (0ms)
			EditorAssembliesLoaded (0ms)
		ExecutionOrderSort2 (0ms)
		AwakeInstancesAfterBackupRestoration (0ms)
========================================================================
Worker process is ready to serve import requests
Begin MonoManager ReloadAssembly
Symbol file LoadedFromMemory doesn't match image C:\Users\anfal\OneDrive\Documents\GitHub\FinalsTerms4\FinalUnity\Library\PackageCache\com.unity.visualscripting@1.8.0\Editor\VisualScripting.Core\Dependencies\YamlDotNet\Unity.VisualScripting.YamlDotNet.dll
Symbol file LoadedFromMemory doesn't match image C:\Users\anfal\OneDrive\Documents\GitHub\FinalsTerms4\FinalUnity\Library\PackageCache\com.unity.visualscripting@1.8.0\Editor\VisualScripting.Core\Dependencies\DotNetZip\Unity.VisualScripting.IonicZip.dll
- Loaded All Assemblies, in  1.591 seconds
Refreshing native plugins compatible for Editor in 26.46 ms, found 3 plugins.
Native extension for WindowsStandalone target not found
System.Exception: Error! Visual Scripting: couldn't find visual scripting package
  at Unity.VisualScripting.PackageVersionUtility.get_version () [0x00043] in .\Library\PackageCache\com.unity.visualscripting@1.8.0\Editor\VisualScripting.Core\Utilities\PackageVersionUtility.cs:31 
  at Unity.VisualScripting.BoltCoreManifest.get_version () [0x00000] in .\Library\PackageCache\com.unity.visualscripting@1.8.0\Editor\VisualScripting.Core\Plugin\BoltCoreManifest.cs:11 
  at Unity.VisualScripting.PluginManifest.get_currentVersion () [0x00000] in .\Library\PackageCache\com.unity.visualscripting@1.8.0\Editor\VisualScripting.Core\Plugins\PluginManifest.cs:33 
  at Unity.VisualScripting.PluginManifest.get_versionMismatch () [0x00000] in .\Library\PackageCache\com.unity.visualscripting@1.8.0\Editor\VisualScripting.Core\Plugins\PluginManifest.cs:48 
  at Unity.VisualScripting.PluginContainer.Initialize () [0x00525] in .\Library\PackageCache\com.unity.visualscripting@1.8.0\Editor\VisualScripting.Core\Plugins\PluginContainer.cs:208 
  at Unity.VisualScripting.PluginContainer.InitializeOnLoad () [0x00009] in .\Library\PackageCache\com.unity.visualscripting@1.8.0\Editor\VisualScripting.Core\Plugins\PluginContainer.cs:32 
  at Unity.VisualScripting.VSUsageUtility.DoInitializeOnLoadCalls () [0x00034] in .\Library\PackageCache\com.unity.visualscripting@1.8.0\Editor\VisualScripting.Core\Utilities\VSUsageUtility.cs:76 
  at Unity.VisualScripting.VSUsageUtility.set_isVisualScriptingUsed (System.Boolean value) [0x0002c] in .\Library\PackageCache\com.unity.visualscripting@1.8.0\Editor\VisualScripting.Core\Utilities\VSUsageUtility.cs:114 
  at Unity.VisualScripting.VSUsageUtility.CheckAndSetIsVisualScriptingUsed () [0x00032] in .\Library\PackageCache\com.unity.visualscripting@1.8.0\Editor\VisualScripting.Core\Utilities\VSUsageUtility.cs:48 
  at Unity.VisualScripting.VSUsageUtility..cctor () [0x00000] in .\Library\PackageCache\com.unity.visualscripting@1.8.0\Editor\VisualScripting.Core\Utilities\VSUsageUtility.cs:22 
UnityEngine.StackTraceUtility:ExtractStackTrace ()
UnityEngine.DebugLogHandler:LogFormat (UnityEngine.LogType,UnityEngine.Object,string,object[])
UnityEngine.Logger:Log (UnityEngine.LogType,object)
UnityEngine.Debug:LogError (object)
UnityEditor.EditorAssemblies:ProcessInitializeOnLoadAttributes (System.Type[])

Mono: successfully reloaded assembly
- Finished resetting the current domain, in  2.441 seconds
Domain Reload Profiling: 4011ms
	BeginReloadAssembly (309ms)
		ExecutionOrderSort (0ms)
		DisableScriptedObjects (10ms)
		BackupInstance (0ms)
		ReleaseScriptingObjects (1ms)
		CreateAndSetChildDomain (37ms)
	RebuildCommonClasses (56ms)
	RebuildNativeTypeToScriptingClass (19ms)
	initialDomainReloadingComplete (107ms)
	LoadAllAssembliesAndSetupDomain (1078ms)
		LoadAssemblies (918ms)
		RebuildTransferFunctionScriptingTraits (0ms)
		AnalyzeDomain (342ms)
			TypeCache.Refresh (288ms)
				TypeCache.ScanAssembly (257ms)
			ScanForSourceGeneratedMonoScriptInfo (38ms)
			ResolveRequiredComponents (15ms)
	FinalizeReload (2441ms)
		ReleaseScriptCaches (0ms)
		RebuildScriptCaches (0ms)
		SetupLoadedEditorAssemblies (2106ms)
			LogAssemblyErrors (0ms)
			InitializePlatformSupportModulesInManaged (28ms)
			SetLoadedEditorAssemblies (5ms)
			RefreshPlugins (0ms)
			BeforeProcessingInitializeOnLoad (214ms)
			ProcessInitializeOnLoadAttributes (1752ms)
			ProcessInitializeOnLoadMethodAttributes (71ms)
			AfterProcessingInitializeOnLoad (37ms)
			EditorAssembliesLoaded (0ms)
		ExecutionOrderSort2 (0ms)
		AwakeInstancesAfterBackupRestoration (18ms)
Launched and connected shader compiler UnityShaderCompiler.exe after 0.09 seconds
Refreshing native plugins compatible for Editor in 30.42 ms, found 3 plugins.
Preloading 0 native plugins for Editor in 0.00 ms.
Unloading 5147 Unused Serialized files (Serialized files now loaded: 0)
Unloading 77 unused Assets / (421.2 KB). Loaded Objects now: 5604.
Memory consumption went from 202.6 MB to 202.2 MB.
Total: 23.786400 ms (FindLiveObjects: 0.834900 ms CreateObjectMapping: 0.213000 ms MarkObjects: 22.265200 ms  DeleteObjects: 0.471500 ms)

AssetImportParameters requested are different than current active one (requested -> active):
  custom:container-demuxer-ogg: 62fdf1f143b41e24485cea50d1cbac27 -> 
  custom:video-codec-MediaFoundation-h265: e54d7ab0439102e2317fc1e4b246158d -> 
  custom:video-decoder-ogg-theora: a1e56fd34408186e4bbccfd4996cb3dc -> 
  custom:framework-win-MediaFoundation: 216162199b28c13a410421893ffa2e32 -> 
  custom:CustomObjectIndexerAttribute: a3ef5dd2817f97addfee359851a9dba5 -> 
  custom:container-demuxer-webm: 4f35f7cbe854078d1ac9338744f61a02 -> 
  custom:container-muxer-webm: aa71ff27fc2769a1b78a27578f13a17b -> 
  custom:video-decoder-webm-vp8: 9c59270c3fd7afecdb556c50c9e8de78 -> 
  custom:SearchIndexIgnoredProperties: e643bd26f0fe6173181afceb89e7c659 -> 
  custom:AudioImporter_EditorPlatform: d09bf68614088b80899f8185d706f6e7 -> 
  custom:video-encoder-webm-vp8: eb34c28f22e8b96e1ab97ce403110664 -> 
  custom:audio-decoder-ogg-vorbis: bf7c407c2cedff20999df2af8eb42d56 -> 
  custom:audio-encoder-webm-vorbis: bf7c407c2cedff20999df2af8eb42d56 -> 
========================================================================
Received Import Request.
  Time since last request: 4515.105495 seconds.
  path: Assets/Anfal/Prefabs/Bench 1.fbx
  artifactKey: Guid(a18873c842a4e4c439b7e90698543023) Importer(815301076,1909f56bfc062723c751e8b465ee728b)
Start importing Assets/Anfal/Prefabs/Bench 1.fbx using Guid(a18873c842a4e4c439b7e90698543023) Importer(815301076,1909f56bfc062723c751e8b465ee728b)  -> (artifact id: 'd2470543f34bbf13a3d54d3755ee1e30') in 0.031677 seconds
Number of updated asset objects reloaded before import = 0
Number of asset objects unloaded after import = 6
========================================================================
Received Import Request.
  Time since last request: 0.000025 seconds.
  path: Assets/Anfal/Prefabs/Road Corner Turn.fbx
  artifactKey: Guid(28042af55ef0d2d42ae0fbe2ec49baee) Importer(815301076,1909f56bfc062723c751e8b465ee728b)
Start importing Assets/Anfal/Prefabs/Road Corner Turn.fbx using Guid(28042af55ef0d2d42ae0fbe2ec49baee) Importer(815301076,1909f56bfc062723c751e8b465ee728b)  -> (artifact id: '05829d354058d08767287c9a91c6f450') in 0.005087 seconds
Number of updated asset objects reloaded before import = 0
Number of asset objects unloaded after import = 6
========================================================================
Received Import Request.
  Time since last request: 0.000022 seconds.
  path: Assets/Anfal/materials/blue 1.mat
  artifactKey: Guid(ca750de810c836c4cb773ceb1a9bf742) Importer(815301076,1909f56bfc062723c751e8b465ee728b)
Start importing Assets/Anfal/materials/blue 1.mat using Guid(ca750de810c836c4cb773ceb1a9bf742) Importer(815301076,1909f56bfc062723c751e8b465ee728b)  -> (artifact id: '0c458ad3716a964db70952009e83ee70') in 0.005028 seconds
Number of updated asset objects reloaded before import = 0
Number of asset objects unloaded after import = 1
========================================================================
Received Import Request.
  Time since last request: 0.000031 seconds.
  path: Assets/Anfal/Prefabs/dented road.fbx
  artifactKey: Guid(ea7c6718f5b4eda448cea876e6957a6f) Importer(815301076,1909f56bfc062723c751e8b465ee728b)
Start importing Assets/Anfal/Prefabs/dented road.fbx using Guid(ea7c6718f5b4eda448cea876e6957a6f) Importer(815301076,1909f56bfc062723c751e8b465ee728b)  -> (artifact id: '1e3e0b2beb52de8f31b166c7bd5954a9') in 0.003274 seconds
Number of updated asset objects reloaded before import = 0
Number of asset objects unloaded after import = 6
========================================================================
Received Import Request.
  Time since last request: 0.000064 seconds.
  path: Assets/Anfal/materials/orange.mat
  artifactKey: Guid(4b0f9a818e0cf5f4594b7990f0a998d5) Importer(815301076,1909f56bfc062723c751e8b465ee728b)
Start importing Assets/Anfal/materials/orange.mat using Guid(4b0f9a818e0cf5f4594b7990f0a998d5) Importer(815301076,1909f56bfc062723c751e8b465ee728b)  -> (artifact id: '331812508ca08c08f97e7847d3f7cedc') in 0.002424 seconds
Number of updated asset objects reloaded before import = 0
Number of asset objects unloaded after import = 1
========================================================================
Received Import Request.
  Time since last request: 0.000091 seconds.
  path: Assets/Anfal/Prefabs/hardest curve.fbx
  artifactKey: Guid(6415f9e7a7530684bab563a4af4dc300) Importer(815301076,1909f56bfc062723c751e8b465ee728b)
Start importing Assets/Anfal/Prefabs/hardest curve.fbx using Guid(6415f9e7a7530684bab563a4af4dc300) Importer(815301076,1909f56bfc062723c751e8b465ee728b)  -> (artifact id: 'ddffbcd213ddee8607db0e09a907d724') in 0.003791 seconds
Number of updated asset objects reloaded before import = 0
Number of asset objects unloaded after import = 6
========================================================================
Received Import Request.
  Time since last request: 0.000025 seconds.
  path: Assets/Anfal/Prefabs/Denting Road FBX.fbx
  artifactKey: Guid(5faced216cd2d7342934494d24d58895) Importer(815301076,1909f56bfc062723c751e8b465ee728b)
Start importing Assets/Anfal/Prefabs/Denting Road FBX.fbx using Guid(5faced216cd2d7342934494d24d58895) Importer(815301076,1909f56bfc062723c751e8b465ee728b)  -> (artifact id: '2663d6b86210751a753829c42cff28e8') in 0.003374 seconds
Number of updated asset objects reloaded before import = 0
Number of asset objects unloaded after import = 6
========================================================================
Received Import Request.
  Time since last request: 0.000035 seconds.
  path: Assets/Anfal/Prefabs/Apartment Hard Corner (Capped).fbx
  artifactKey: Guid(6daf74c7a09f279469b18e1c2d3379d5) Importer(815301076,1909f56bfc062723c751e8b465ee728b)
Start importing Assets/Anfal/Prefabs/Apartment Hard Corner (Capped).fbx using Guid(6daf74c7a09f279469b18e1c2d3379d5) Importer(815301076,1909f56bfc062723c751e8b465ee728b)  -> (artifact id: '18b824769934660b276b99fc5b35b94b') in 0.005733 seconds
Number of updated asset objects reloaded before import = 0
Number of asset objects unloaded after import = 6
========================================================================
Received Import Request.
  Time since last request: 0.000024 seconds.
  path: Assets/Anfal/materials/purple.mat
  artifactKey: Guid(fe522020a5409c949b9bd8c084ebecac) Importer(815301076,1909f56bfc062723c751e8b465ee728b)
Start importing Assets/Anfal/materials/purple.mat using Guid(fe522020a5409c949b9bd8c084ebecac) Importer(815301076,1909f56bfc062723c751e8b465ee728b)  -> (artifact id: '381256380e3e9a18bdf65541b75ec4bd') in 0.003069 seconds
Number of updated asset objects reloaded before import = 0
Number of asset objects unloaded after import = 1
========================================================================
Received Import Request.
  Time since last request: 0.000020 seconds.
  path: Assets/Anfal/Prefabs/Apartment Building Twin Right Hollow.fbx
  artifactKey: Guid(a72a1f47eb1fe564fbe18a2fd6c5b494) Importer(815301076,1909f56bfc062723c751e8b465ee728b)
Start importing Assets/Anfal/Prefabs/Apartment Building Twin Right Hollow.fbx using Guid(a72a1f47eb1fe564fbe18a2fd6c5b494) Importer(815301076,1909f56bfc062723c751e8b465ee728b)  -> (artifact id: 'e0f2b5e3855f9cfb28f77644bccc1af2') in 0.004207 seconds
Number of updated asset objects reloaded before import = 0
Number of asset objects unloaded after import = 6
========================================================================
Received Import Request.
  Time since last request: 0.000023 seconds.
  path: Assets/Anfal/Prefabs/Apartmant Soft Corner (hollow).fbx
  artifactKey: Guid(17126a782d767c346b09b7a0151b95bc) Importer(815301076,1909f56bfc062723c751e8b465ee728b)
Start importing Assets/Anfal/Prefabs/Apartmant Soft Corner (hollow).fbx using Guid(17126a782d767c346b09b7a0151b95bc) Importer(815301076,1909f56bfc062723c751e8b465ee728b)  -> (artifact id: '87d28a7a4aedd8f10b118d6ad945133f') in 0.004008 seconds
Number of updated asset objects reloaded before import = 0
Number of asset objects unloaded after import = 6
========================================================================
Received Import Request.
  Time since last request: 0.000036 seconds.
  path: Assets/Anfal/Prefabs/Apartment Hard Corner (Hollow).fbx
  artifactKey: Guid(78f1dbcddfeaf24439e011cfeb113131) Importer(815301076,1909f56bfc062723c751e8b465ee728b)
Start importing Assets/Anfal/Prefabs/Apartment Hard Corner (Hollow).fbx using Guid(78f1dbcddfeaf24439e011cfeb113131) Importer(815301076,1909f56bfc062723c751e8b465ee728b)  -> (artifact id: '61d77e340f366ec1761c134cebf64cca') in 0.003616 seconds
Number of updated asset objects reloaded before import = 0
Number of asset objects unloaded after import = 6
========================================================================
Received Import Request.
  Time since last request: 0.000022 seconds.
  path: Assets/Anfal/Prefabs/Inner Corner Turn (Hollow).fbx
  artifactKey: Guid(6134e462a7302894583e238c8943131e) Importer(815301076,1909f56bfc062723c751e8b465ee728b)
Start importing Assets/Anfal/Prefabs/Inner Corner Turn (Hollow).fbx using Guid(6134e462a7302894583e238c8943131e) Importer(815301076,1909f56bfc062723c751e8b465ee728b)  -> (artifact id: '79861df2dcc804350d5b15f34e194a9a') in 0.003072 seconds
Number of updated asset objects reloaded before import = 0
Number of asset objects unloaded after import = 6
========================================================================
Received Import Request.
  Time since last request: 0.000029 seconds.
  path: Assets/Anfal/materials/fatty fat fat.mat
  artifactKey: Guid(e23359853b4251f4f96ad23b41937cca) Importer(815301076,1909f56bfc062723c751e8b465ee728b)
Start importing Assets/Anfal/materials/fatty fat fat.mat using Guid(e23359853b4251f4f96ad23b41937cca) Importer(815301076,1909f56bfc062723c751e8b465ee728b)  -> (artifact id: '2bb2bb1021358ec0e0e48e50f507f637') in 0.002355 seconds
Number of updated asset objects reloaded before import = 0
Number of asset objects unloaded after import = 1
========================================================================
Received Import Request.
  Time since last request: 0.000020 seconds.
  path: Assets/Anfal/Prefabs/Lamp.fbx
  artifactKey: Guid(ae45ba65a5acbb1428e7ddc9a426cb51) Importer(815301076,1909f56bfc062723c751e8b465ee728b)
Start importing Assets/Anfal/Prefabs/Lamp.fbx using Guid(ae45ba65a5acbb1428e7ddc9a426cb51) Importer(815301076,1909f56bfc062723c751e8b465ee728b)  -> (artifact id: '7885e8d7ecf17b2569e49592c7f76683') in 0.003820 seconds
Number of updated asset objects reloaded before import = 0
Number of asset objects unloaded after import = 6
========================================================================
Received Import Request.
  Time since last request: 0.000027 seconds.
  path: Assets/Anfal/Prefabs/Apartment Single (Capped).fbx
  artifactKey: Guid(192dbb367125d2743b612c24850f7ffe) Importer(815301076,1909f56bfc062723c751e8b465ee728b)
Start importing Assets/Anfal/Prefabs/Apartment Single (Capped).fbx using Guid(192dbb367125d2743b612c24850f7ffe) Importer(815301076,1909f56bfc062723c751e8b465ee728b)  -> (artifact id: '30bc1d75797850f646bde2810711e1d9') in 0.003718 seconds
Number of updated asset objects reloaded before import = 0
Number of asset objects unloaded after import = 6
========================================================================
Received Import Request.
  Time since last request: 0.000016 seconds.
  path: Assets/Anfal/Prefabs/Inner Corner Turn (Capped).fbx
  artifactKey: Guid(d926635bc8c233449bb381f0e3aff32a) Importer(815301076,1909f56bfc062723c751e8b465ee728b)
Start importing Assets/Anfal/Prefabs/Inner Corner Turn (Capped).fbx using Guid(d926635bc8c233449bb381f0e3aff32a) Importer(815301076,1909f56bfc062723c751e8b465ee728b)  -> (artifact id: 'bf8ee2523b93ec602e314bec5df59194') in 0.003468 seconds
Number of updated asset objects reloaded before import = 0
Number of asset objects unloaded after import = 6
========================================================================
Received Import Request.
  Time since last request: 0.000017 seconds.
  path: Assets/Anfal/Prefabs/PlayerController.prefab
  artifactKey: Guid(174d22e1b063706439b61c302b467270) Importer(815301076,1909f56bfc062723c751e8b465ee728b)
Start importing Assets/Anfal/Prefabs/PlayerController.prefab using Guid(174d22e1b063706439b61c302b467270) Importer(815301076,1909f56bfc062723c751e8b465ee728b)  -> (artifact id: '289107ef374f7dae3998a0a820fce24f') in 0.769679 seconds
Number of updated asset objects reloaded before import = 0
Number of asset objects unloaded after import = 16
========================================================================
Received Import Request.
  Time since last request: 238.811099 seconds.
  path: Assets/Anfal/materials/blue.mat
  artifactKey: Guid(9cb7bca50d276874ead8f690af23aedf) Importer(815301076,1909f56bfc062723c751e8b465ee728b)
Start importing Assets/Anfal/materials/blue.mat using Guid(9cb7bca50d276874ead8f690af23aedf) Importer(815301076,1909f56bfc062723c751e8b465ee728b)  -> (artifact id: 'ef727f662f39e1a55fee6a9ce088ae86') in 0.001936 seconds
Number of updated asset objects reloaded before import = 0
Number of asset objects unloaded after import = 1
========================================================================
Received Import Request.
  Time since last request: 0.014773 seconds.
  path: Assets/Anfal/materials/greentransparent.mat
  artifactKey: Guid(35a50740613350c408501e7f9a7ca8f5) Importer(815301076,1909f56bfc062723c751e8b465ee728b)
Start importing Assets/Anfal/materials/greentransparent.mat using Guid(35a50740613350c408501e7f9a7ca8f5) Importer(815301076,1909f56bfc062723c751e8b465ee728b)  -> (artifact id: '98f159b56980bad9b2f549f0c6596b72') in 0.002146 seconds
Number of updated asset objects reloaded before import = 0
Number of asset objects unloaded after import = 1
========================================================================
Received Import Request.
  Time since last request: 0.014976 seconds.
  path: Assets/Anfal/materials/keys.mat
  artifactKey: Guid(2936bd328b9b68c4d91971389bda5d4f) Importer(815301076,1909f56bfc062723c751e8b465ee728b)
Start importing Assets/Anfal/materials/keys.mat using Guid(2936bd328b9b68c4d91971389bda5d4f) Importer(815301076,1909f56bfc062723c751e8b465ee728b)  -> (artifact id: '83394826b01f9637a98b80f7e9db7c82') in 0.001728 seconds
Number of updated asset objects reloaded before import = 0
Number of asset objects unloaded after import = 1
========================================================================
Received Import Request.
  Time since last request: 0.000017 seconds.
  path: Assets/Anfal/materials/orange.mat
  artifactKey: Guid(4b0f9a818e0cf5f4594b7990f0a998d5) Importer(815301076,1909f56bfc062723c751e8b465ee728b)
Start importing Assets/Anfal/materials/orange.mat using Guid(4b0f9a818e0cf5f4594b7990f0a998d5) Importer(815301076,1909f56bfc062723c751e8b465ee728b)  -> (artifact id: '25009d61e483fa0b60bf788e9ef01839') in 0.002153 seconds
Number of updated asset objects reloaded before import = 0
Number of asset objects unloaded after import = 1
========================================================================
Received Import Request.
  Time since last request: 0.000042 seconds.
  path: Assets/Anfal/materials/red2.mat
  artifactKey: Guid(26a3ccf08d382694faad7d5d1d61362b) Importer(815301076,1909f56bfc062723c751e8b465ee728b)
Start importing Assets/Anfal/materials/red2.mat using Guid(26a3ccf08d382694faad7d5d1d61362b) Importer(815301076,1909f56bfc062723c751e8b465ee728b)  -> (artifact id: 'e211291a8d16d0c03e9fcb734abb2355') in 0.001948 seconds
Number of updated asset objects reloaded before import = 0
Number of asset objects unloaded after import = 1
========================================================================
Received Import Request.
  Time since last request: 0.000027 seconds.
  path: Assets/Anfal/materials/unbreakable wall.mat
  artifactKey: Guid(0407cb114de7ce648b893701edb9c7d1) Importer(815301076,1909f56bfc062723c751e8b465ee728b)
Start importing Assets/Anfal/materials/unbreakable wall.mat using Guid(0407cb114de7ce648b893701edb9c7d1) Importer(815301076,1909f56bfc062723c751e8b465ee728b)  -> (artifact id: 'a4045eaf48fa64c784c0e595dc334f7d') in 0.002214 seconds
Number of updated asset objects reloaded before import = 0
Number of asset objects unloaded after import = 1
========================================================================
Received Import Request.
  Time since last request: 0.000026 seconds.
  path: Assets/Anfal/materials/red.mat
  artifactKey: Guid(6024ea7bff055214396b0ec1b76edfbd) Importer(815301076,1909f56bfc062723c751e8b465ee728b)
Start importing Assets/Anfal/materials/red.mat using Guid(6024ea7bff055214396b0ec1b76edfbd) Importer(815301076,1909f56bfc062723c751e8b465ee728b)  -> (artifact id: '8b4103c0bdf02cb65daf3aa63d806a46') in 0.002487 seconds
Number of updated asset objects reloaded before import = 0
Number of asset objects unloaded after import = 1
Editor requested this worker to shutdown with reason: Scaling down because of idle timeout
TcpMessagingSession - receive error: operation aborted. errorcode: 995, details: The I/O operation has been aborted because of either a thread exit or an application request.
AssetImportWorker is now disconnected from the server
Process exiting
Exiting without the bug reporter. Application will terminate with return code 0